warning: openvm-metal-backend@2.0.0-alpha: Compiled 19 Metal shaders into /Users/jpw/github/openvm-org/sbm-m5/target/debug/build/openvm-metal-backend-b4f9b452d0d611bc/out/kernels.metallib
warning: variable does not need to be mutable
  --> crates/metal-backend/src/logup_zerocheck/mle_round.rs:36:9
   |
36 |     let mut intermediates = if intermed_capacity > 0 {
   |         ----^^^^^^^^^^^^^
   |         |
   |         help: remove this `mut`
   |
   = note: `#[warn(unused_mut)]` on by default

warning: variable does not need to be mutable
   --> crates/metal-backend/src/logup_zerocheck/mle_round.rs:114:9
    |
114 |     let mut intermediates = if intermed_capacity > 0 {
    |         ----^^^^^^^^^^^^^
    |         |
    |         help: remove this `mut`

warning: constant `ZEROCHECK_BUFFER_VARS` is never used
  --> crates/metal-backend/src/logup_zerocheck/mle_round.rs:17:7
   |
17 | const ZEROCHECK_BUFFER_VARS: bool = false;
   |       ^^^^^^^^^^^^^^^^^^^^^
   |
   = note: `#[warn(dead_code)]` on by default

warning: function `evaluate_mle_constraints_metal` is never used
  --> crates/metal-backend/src/logup_zerocheck/mle_round.rs:23:8
   |
23 | pub fn evaluate_mle_constraints_metal(
   |        ^^^^^^^^^^^^^^^^^^^^^^^^^^^^^^

warning: fields `d_q_widths`, `q_width_max`, `d_q_eval_ptrs`, `trace_ptrs`, `d_input_ptrs`, and `d_output_ptrs` are never read
  --> crates/metal-backend/src/stacked_reduction.rs:65:5
   |
50 | pub struct StackedReductionMetal {
   |            --------------------- fields in this struct
...
65 |     d_q_widths: MetalBuffer<u32>,
   |     ^^^^^^^^^^
66 |     q_width_max: u32,
   |     ^^^^^^^^^^^
67 |     d_q_eval_ptrs: MetalBuffer<u64>,
   |     ^^^^^^^^^^^^^
68 |
69 |     trace_ptrs: Vec<(
   |     ^^^^^^^^^^
...
94 |     d_input_ptrs: MetalBuffer<u64>,
   |     ^^^^^^^^^^^^
95 |     d_output_ptrs: MetalBuffer<u64>,
   |     ^^^^^^^^^^^^^

warning: `openvm-metal-backend` (lib) generated 5 warnings (run `cargo fix --lib -p openvm-metal-backend` to apply 2 suggestions)
   Compiling openvm-metal-backend v2.0.0-alpha (/Users/jpw/github/openvm-org/sbm-m5/crates/metal-backend)
    Finished `dev` profile [optimized + debuginfo] target(s) in 0.40s
     Running `target/debug/examples/keccakf`
[1;32mINFO    [0m ï½‰ [info]: Metal device: Apple M2 Max, max buffer length: 57982058496 bytes
[1;32mINFO    [0m ï½‰ [info]: TestAir              | Constraint Deg = 3  | Prep Cols = 0  | Main Cols = [2633]   | 3182 Constraints |   0 Interactions
[1;32mINFO    [0m generate_trace [ 61.3ms | 100.00% ]
[1;32mINFO    [0m stark_prove_excluding_trace [ 25.0s | 0.00% / 100.00% ] phase: "prover"
[1;32mINFO    [0m â”â” ï½‰ [info]:  | num_airs_present: 1
[1;32mINFO    [0m â”â” prover.main_trace_commit [ 895ms | 0.00% / 3.58% ] phase: "prover"
[1;32mINFO    [0m â”‚  â”•â” stacked_commit [ 895ms | 0.00% / 3.58% ]
[1;32mINFO    [0m â”‚     â”â” ï½‰ [info]: stacked_matrix_dimensions | height: 2097152 | width: 42
[1;32mINFO    [0m â”‚     â”â” rs_code_matrix [ 652ms | 2.61% ]
[1;32mINFO    [0m â”‚     â”•â” merkle_tree [ 243ms | 0.97% ]
[1;32mINFO    [0m â”â” prover.rap_constraints [ 7.29s | 0.00% / 29.13% ] phase: "prover"
[1;32mINFO    [0m â”‚  â”•â” prove_zerocheck_and_logup_metal [ 7.29s | 0.00% / 29.13% ]
[1;32mINFO    [0m â”‚     â”â” prover.rap_constraints.logup_gkr [ 1.54ms | 0.01% / 0.01% ] phase: "prover"
[1;32mINFO    [0m â”‚     â”‚  â”â” ï½‰ [info]:  | n_global: 11 | n_logup: 0
[1;32mINFO    [0m â”‚     â”‚  â”•â” fractional_sumcheck_metal [ 3.04Âµs | 0.00% ]
[1;32mINFO    [0m â”‚     â”â” prover.rap_constraints.round0 [ 6.85s | 26.60% / 27.37% ] phase: "prover"
[1;32mINFO    [0m â”‚     â”‚  â”â” prover.rap_constraints.ple_round0 [ 193ms | 0.77% ]
[1;32mINFO    [0m â”‚     â”‚  â”•â” s'_0 -> s_0 cpu interpolations [ 263Âµs | 0.00% ]
[1;32mINFO    [0m â”‚     â”•â” prover.rap_constraints.mle_rounds [ 438ms | 1.14% / 1.75% ] phase: "prover"
[1;32mINFO    [0m â”‚        â”â” LogupZerocheck::sumcheck_polys_batch_eval [ 73.4ms | 0.29% ] round: 1
[1;32mINFO    [0m â”‚        â”â” LogupZerocheck::sumcheck_polys_batch_eval [ 32.6ms | 0.13% ] round: 2
[1;32mINFO    [0m â”‚        â”â” LogupZerocheck::sumcheck_polys_batch_eval [ 16.5ms | 0.07% ] round: 3
[1;32mINFO    [0m â”‚        â”â” LogupZerocheck::sumcheck_polys_batch_eval [ 10.7ms | 0.04% ] round: 4
[1;32mINFO    [0m â”‚        â”â” LogupZerocheck::sumcheck_polys_batch_eval [ 6.06ms | 0.02% ] round: 5
[1;32mINFO    [0m â”‚        â”â” LogupZerocheck::sumcheck_polys_batch_eval [ 4.33ms | 0.02% ] round: 6
[1;32mINFO    [0m â”‚        â”â” LogupZerocheck::sumcheck_polys_batch_eval [ 2.54ms | 0.01% ] round: 7
[1;32mINFO    [0m â”‚        â”â” LogupZerocheck::sumcheck_polys_batch_eval [ 2.74ms | 0.01% ] round: 8
[1;32mINFO    [0m â”‚        â”â” LogupZerocheck::sumcheck_polys_batch_eval [ 2.68ms | 0.01% ] round: 9
[1;32mINFO    [0m â”‚        â”â” LogupZerocheck::sumcheck_polys_batch_eval [ 1.11ms | 0.00% ] round: 10
[1;32mINFO    [0m â”‚        â”•â” LogupZerocheck::sumcheck_polys_batch_eval [ 763Âµs | 0.00% ] round: 11
[1;32mINFO    [0m â”•â” prover.openings [ 16.8s | 0.00% / 67.29% ] phase: "prover"
[1;32mINFO    [0m    â”â” prover.openings.stacked_reduction [ 13.1s | 0.01% / 52.29% ] phase: "prover"
[1;32mINFO    [0m    â”‚  â”â” prover.openings.stacked_reduction.round0 [ 93.9ms | 0.38% ] phase: "prover"
[1;32mINFO    [0m    â”‚  â”•â” prover.openings.stacked_reduction.mle_rounds [ 13.0s | 51.90% ] phase: "prover"
[1;32mINFO    [0m    â”•â” prover.openings.whir [ 3.75s | 14.55% / 15.00% ] phase: "prover"
[1;32mINFO    [0m       â”â” merkle_tree [ 64.7ms | 0.26% ]
[1;32mINFO    [0m       â”â” merkle_tree [ 27.8ms | 0.11% ]
[1;32mINFO    [0m       â”•â” merkle_tree [ 18.7ms | 0.07% ]
